# JRE version: OpenJDK Runtime Environment (15.0.1+9) (build 15.0.1+9-18)
# Java VM: OpenJDK 64-Bit Server VM (15.0.1+9-18, mixed mode, tiered, compressed oops, g1 gc, windows-amd64)
GC Precious Log:
 CPUs: 12 total, 12 available
 Memory: 24507M
 Large Page Support: Disabled
 NUMA Support: Disabled
 Compressed Oops: Enabled (Zero based)
 Heap Region Size: 4M
 Heap Min Capacity: 8M
 Heap Initial Capacity: 384M
 Heap Max Capacity: 6128M
 Pre-touch: Disabled
 Parallel Workers: 10
 Concurrent Workers: 3
 Concurrent Refinement Workers: 10
 Periodic GC: Disabled
Heap:
 garbage-first heap   total 81920K, used 34298K [0x0000000681000000, 0x0000000800000000)
  region size 4096K, 6 young (24576K), 1 survivors (4096K)
 Metaspace       used 48411K, capacity 48850K, committed 49024K, reserved 1093632K
  class space    used 5269K, capacity 5407K, committed 5504K, reserved 1048576K
GC Heap History (20 events):
Event: 39.151 GC heap before
{Heap before GC invocations=14 (full 0):
 garbage-first heap   total 81920K, used 58830K [0x0000000681000000, 0x0000000800000000)
  region size 4096K, 11 young (45056K), 1 survivors (4096K)
 Metaspace       used 48328K, capacity 48754K, committed 48896K, reserved 1093632K
  class space    used 5261K, capacity 5375K, committed 5376K, reserved 1048576K
}
Event: 39.152 GC heap after
{Heap after GC invocations=15 (full 0):
 garbage-first heap   total 81920K, used 17873K [0x0000000681000000, 0x0000000800000000)
  region size 4096K, 1 young (4096K), 1 survivors (4096K)
 Metaspace       used 48328K, capacity 48754K, committed 48896K, reserved 1093632K
  class space    used 5261K, capacity 5375K, committed 5376K, reserved 1048576K
}
Event: 44.250 GC heap before
{Heap before GC invocations=15 (full 0):
 garbage-first heap   total 81920K, used 62929K [0x0000000681000000, 0x0000000800000000)
  region size 4096K, 12 young (49152K), 1 survivors (4096K)
 Metaspace       used 48332K, capacity 48754K, committed 48896K, reserved 1093632K
  class space    used 5262K, capacity 5375K, committed 5376K, reserved 1048576K
}
Event: 44.251 GC heap after
{Heap after GC invocations=16 (full 0):
 garbage-first heap   total 81920K, used 17857K [0x0000000681000000, 0x0000000800000000)
  region size 4096K, 1 young (4096K), 1 survivors (4096K)
 Metaspace       used 48332K, capacity 48754K, committed 48896K, reserved 1093632K
  class space    used 5262K, capacity 5375K, committed 5376K, reserved 1048576K
}
Event: 49.446 GC heap before
{Heap before GC invocations=16 (full 0):
 garbage-first heap   total 81920K, used 62913K [0x0000000681000000, 0x0000000800000000)
  region size 4096K, 12 young (49152K), 1 survivors (4096K)
 Metaspace       used 48339K, capacity 48818K, committed 48896K, reserved 1093632K
  class space    used 5262K, capacity 5375K, committed 5376K, reserved 1048576K
}
Event: 49.448 GC heap after
{Heap after GC invocations=17 (full 0):
 garbage-first heap   total 81920K, used 17852K [0x0000000681000000, 0x0000000800000000)
  region size 4096K, 1 young (4096K), 1 survivors (4096K)
 Metaspace       used 48339K, capacity 48818K, committed 48896K, reserved 1093632K
  class space    used 5262K, capacity 5375K, committed 5376K, reserved 1048576K
}
Event: 54.587 GC heap before
{Heap before GC invocations=17 (full 0):
 garbage-first heap   total 81920K, used 62908K [0x0000000681000000, 0x0000000800000000)
  region size 4096K, 12 young (49152K), 1 survivors (4096K)
 Metaspace       used 48345K, capacity 48818K, committed 48896K, reserved 1093632K
  class space    used 5262K, capacity 5375K, committed 5376K, reserved 1048576K
}
Event: 54.588 GC heap after
{Heap after GC invocations=18 (full 0):
 garbage-first heap   total 81920K, used 17869K [0x0000000681000000, 0x0000000800000000)
  region size 4096K, 1 young (4096K), 1 survivors (4096K)
 Metaspace       used 48345K, capacity 48818K, committed 48896K, reserved 1093632K
  class space    used 5262K, capacity 5375K, committed 5376K, reserved 1048576K
}
Event: 60.224 GC heap before
{Heap before GC invocations=18 (full 0):
 garbage-first heap   total 81920K, used 62925K [0x0000000681000000, 0x0000000800000000)
  region size 4096K, 12 young (49152K), 1 survivors (4096K)
 Metaspace       used 48375K, capacity 48850K, committed 49024K, reserved 1093632K
  class space    used 5266K, capacity 5407K, committed 5504K, reserved 1048576K
}
Event: 60.225 GC heap after
{Heap after GC invocations=19 (full 0):
 garbage-first heap   total 81920K, used 17866K [0x0000000681000000, 0x0000000800000000)
  region size 4096K, 1 young (4096K), 1 survivors (4096K)
 Metaspace       used 48375K, capacity 48850K, committed 49024K, reserved 1093632K
  class space    used 5266K, capacity 5407K, committed 5504K, reserved 1048576K
}
Event: 66.004 GC heap before
{Heap before GC invocations=19 (full 0):
 garbage-first heap   total 81920K, used 62922K [0x0000000681000000, 0x0000000800000000)
  region size 4096K, 12 young (49152K), 1 survivors (4096K)
 Metaspace       used 48377K, capacity 48850K, committed 49024K, reserved 1093632K
  class space    used 5267K, capacity 5407K, committed 5504K, reserved 1048576K
}
Event: 66.005 GC heap after
{Heap after GC invocations=20 (full 0):
 garbage-first heap   total 81920K, used 17876K [0x0000000681000000, 0x0000000800000000)
  region size 4096K, 1 young (4096K), 1 survivors (4096K)
 Metaspace       used 48377K, capacity 48850K, committed 49024K, reserved 1093632K
  class space    used 5267K, capacity 5407K, committed 5504K, reserved 1048576K
}
Event: 71.539 GC heap before
{Heap before GC invocations=20 (full 0):
 garbage-first heap   total 81920K, used 62932K [0x0000000681000000, 0x0000000800000000)
  region size 4096K, 12 young (49152K), 1 survivors (4096K)
 Metaspace       used 48383K, capacity 48850K, committed 49024K, reserved 1093632K
  class space    used 5268K, capacity 5407K, committed 5504K, reserved 1048576K
}
Event: 71.540 GC heap after
{Heap after GC invocations=21 (full 0):
 garbage-first heap   total 81920K, used 17872K [0x0000000681000000, 0x0000000800000000)
  region size 4096K, 1 young (4096K), 1 survivors (4096K)
 Metaspace       used 48383K, capacity 48850K, committed 49024K, reserved 1093632K
  class space    used 5268K, capacity 5407K, committed 5504K, reserved 1048576K
}
Event: 77.463 GC heap before
{Heap before GC invocations=21 (full 0):
 garbage-first heap   total 81920K, used 62928K [0x0000000681000000, 0x0000000800000000)
  region size 4096K, 12 young (49152K), 1 survivors (4096K)
 Metaspace       used 48393K, capacity 48850K, committed 49024K, reserved 1093632K
  class space    used 5268K, capacity 5407K, committed 5504K, reserved 1048576K
}
Event: 77.465 GC heap after
{Heap after GC invocations=22 (full 0):
 garbage-first heap   total 81920K, used 17878K [0x0000000681000000, 0x0000000800000000)
  region size 4096K, 1 young (4096K), 1 survivors (4096K)
 Metaspace       used 48393K, capacity 48850K, committed 49024K, reserved 1093632K
  class space    used 5268K, capacity 5407K, committed 5504K, reserved 1048576K
}
Event: 83.577 GC heap before
{Heap before GC invocations=22 (full 0):
 garbage-first heap   total 81920K, used 62934K [0x0000000681000000, 0x0000000800000000)
  region size 4096K, 12 young (49152K), 1 survivors (4096K)
 Metaspace       used 48401K, capacity 48850K, committed 49024K, reserved 1093632K
  class space    used 5268K, capacity 5407K, committed 5504K, reserved 1048576K
}
Event: 83.578 GC heap after
{Heap after GC invocations=23 (full 0):
 garbage-first heap   total 81920K, used 17884K [0x0000000681000000, 0x0000000800000000)
  region size 4096K, 1 young (4096K), 1 survivors (4096K)
 Metaspace       used 48401K, capacity 48850K, committed 49024K, reserved 1093632K
  class space    used 5268K, capacity 5407K, committed 5504K, reserved 1048576K
}
Event: 89.328 GC heap before
{Heap before GC invocations=23 (full 0):
 garbage-first heap   total 81920K, used 58844K [0x0000000681000000, 0x0000000800000000)
  region size 4096K, 12 young (49152K), 1 survivors (4096K)
 Metaspace       used 48404K, capacity 48850K, committed 49024K, reserved 1093632K
  class space    used 5268K, capacity 5407K, committed 5504K, reserved 1048576K
}
Event: 89.328 GC heap after
{Heap after GC invocations=24 (full 0):
 garbage-first heap   total 81920K, used 17914K [0x0000000681000000, 0x0000000800000000)
  region size 4096K, 1 young (4096K), 1 survivors (4096K)
 Metaspace       used 48404K, capacity 48850K, committed 49024K, reserved 1093632K
  class space    used 5268K, capacity 5407K, committed 5504K, reserved 1048576K
}

